<?xml version="1.0" encoding="UTF-8"?>
<!-- Generated by org.testng.reporters.JUnitReportReporter -->
<testsuite hostname="LAPTOP-3USBQQ16" failures="0" tests="1" name="com.general.codes.CodingPracticeTest" time="0.011" errors="0" timestamp="2024-07-22T02:12:42 IST" skipped="0">
  <testcase classname="com.general.codes.CodingPracticeTest" name="StreamPracticeTest" time="0.011"/>
  <system-out/>
</testsuite> <!-- com.general.codes.CodingPracticeTest -->
