<?xml version="1.0" encoding="UTF-8"?>
<!-- Generated by org.testng.reporters.JUnitReportReporter -->
<testsuite hostname="LAPTOP-3USBQQ16" failures="0" tests="3" name="com.ui.tests.UIGoogleTests" time="24.919" errors="0" timestamp="2024-07-22T00:48:36 IST" skipped="0">
  <testcase classname="com.ui.tests.UIGoogleTests" name="openSearchResults" time="1.254"/>
  <system-out/>
  <testcase classname="com.ui.tests.UIGoogleTests" name="testMethod" time="4.785"/>
  <system-out/>
  <testcase classname="com.ui.tests.UIGoogleTests" name="getBrokenLinksTest" time="18.880"/>
  <system-out/>
</testsuite> <!-- com.ui.tests.UIGoogleTests -->
