<?xml version="1.0" encoding="UTF-8"?>
<!-- Generated by org.testng.reporters.JUnitReportReporter -->
<testsuite hostname="LAPTOP-3USBQQ16" failures="0" tests="2" name="com.api.tests.EndToEndAPIFlowTest" time="265.652" errors="0" timestamp="2024-07-23T03:31:27 IST" skipped="0">
  <testcase classname="com.api.tests.EndToEndAPIFlowTest" name="postNewDataTest" time="233.077"/>
  <system-out/>
  <testcase classname="com.api.tests.EndToEndAPIFlowTest" name="getCreatedRequestInfo" time="32.575"/>
  <system-out/>
</testsuite> <!-- com.api.tests.EndToEndAPIFlowTest -->
